<?xml version="1.0" encoding="UTF-8"?>
<!-- Generated by org.testng.reporters.JUnitReportReporter -->
<testsuite hostname="DESKTOP-1ULGF16" failures="0" tests="4" name="amazon.Testscript" time="10.065" errors="0" timestamp="2024-04-23T13:29:30 IST" skipped="3">
  <testcase classname="amazon.Testscript" name="featuretest" time="10.065"/>
  <system-out/>
  <testcase classname="amazon.Testscript" name="ancor">
    <skipped/>
  </testcase> <!-- ancor -->
  <system-out/>
  <testcase classname="amazon.Testscript" name="images">
    <skipped/>
  </testcase> <!-- images -->
  <system-out/>
  <testcase classname="amazon.Testscript" name="varification">
    <skipped/>
  </testcase> <!-- varification -->
  <system-out/>
</testsuite> <!-- amazon.Testscript -->
